<?xml version="1.0" encoding="UTF-8"?>
<testng-results ignored="0" total="6" passed="6" failed="0" skipped="0">
  <reporter-output>
  </reporter-output>
  <suite started-at="2024-11-30T22:49:53 IST" name="Suite" finished-at="2024-11-30T22:49:56 IST" duration-ms="3552">
    <groups>
    </groups>
    <test started-at="2024-11-30T22:49:53 IST" name="Test" finished-at="2024-11-30T22:49:56 IST" duration-ms="3552">
      <class name="todo.pages.test.TodoPageFunctionsTest">
        <test-method signature="chromeOpenUrl()[pri:1, instance:todo.pages.test.TodoPageFunctionsTest@791f145a]" started-at="2024-11-30T22:49:53 IST" name="chromeOpenUrl" finished-at="2024-11-30T22:49:55 IST" duration-ms="2459" status="PASS">
          <reporter-output>
          </reporter-output>
        </test-method> <!-- chromeOpenUrl -->
        <test-method signature="getPageTitle()[pri:2, instance:todo.pages.test.TodoPageFunctionsTest@791f145a]" started-at="2024-11-30T22:49:55 IST" name="getPageTitle" finished-at="2024-11-30T22:49:55 IST" duration-ms="20" status="PASS">
          <reporter-output>
          </reporter-output>
        </test-method> <!-- getPageTitle -->
        <test-method signature="addToDoList()[pri:3, instance:todo.pages.test.TodoPageFunctionsTest@791f145a]" started-at="2024-11-30T22:49:55 IST" name="addToDoList" finished-at="2024-11-30T22:49:56 IST" duration-ms="323" status="PASS">
          <reporter-output>
          </reporter-output>
        </test-method> <!-- addToDoList -->
        <test-method signature="editToDoListText()[pri:4, instance:todo.pages.test.TodoPageFunctionsTest@791f145a]" started-at="2024-11-30T22:49:56 IST" name="editToDoListText" finished-at="2024-11-30T22:49:56 IST" duration-ms="256" status="PASS">
          <reporter-output>
          </reporter-output>
        </test-method> <!-- editToDoListText -->
        <test-method signature="makeTaskComplete()[pri:5, instance:todo.pages.test.TodoPageFunctionsTest@791f145a]" started-at="2024-11-30T22:49:56 IST" name="makeTaskComplete" finished-at="2024-11-30T22:49:56 IST" duration-ms="278" status="PASS">
          <reporter-output>
          </reporter-output>
        </test-method> <!-- makeTaskComplete -->
        <test-method signature="closeBrowser()[pri:6, instance:todo.pages.test.TodoPageFunctionsTest@791f145a]" started-at="2024-11-30T22:49:56 IST" name="closeBrowser" finished-at="2024-11-30T22:49:56 IST" duration-ms="153" status="PASS">
          <reporter-output>
          </reporter-output>
        </test-method> <!-- closeBrowser -->
      </class> <!-- todo.pages.test.TodoPageFunctionsTest -->
    </test> <!-- Test -->
  </suite> <!-- Suite -->
</testng-results>
